START ../src/SBMInfo.cpp
Version 4.0 from Feb 20 2022
No LiPo supply detected -> fast display timing
Found attached I2C device at 0x0B

*** STATIC INFO ***
Battery mode (BIN)                  0b110000000000001
                                    - Internal Charge Controller Supported
                                    - Battery OK
                                    - Disable AlarmWarning broadcast to Host and Smart Battery Charger
                                    - Disable broadcasts of ChargingVoltage and ChargingCurrent to Smart Battery Charger

Manufacturer Name                   SMP
Chemistry                           LION
Manufacturer Data                   0x0 0 0 0 4 6 0 A 1 62 0 0 3 4B 32 31 3 30 30 41 3 53 41 4E 0 22 0 
Device Name                         bq20z451
Serial number                       1 | 0x1
Manufacture date (YYYY-MM-DD)       2012-10-10
Design voltage                      7.500 V
Design capacity                     6700 mAh
Charging current                    0 mA
Charging voltage                    0.000 V
SBM protocol (Version / Revision)   1.1 with optional PEC support / 1
Cycle count                         612

Max error of charge calculation     1%
Remaining time alarm                10 min
Remaining capacity alarm            300 mAh
Pack status (BIN)                   0b10100

*** MANUFACTURER INFO ***
Device Type:                        25667 | 0x6443

*** RATE TEST INFO ***
Setting AT rate to                  100 mA
TimeToFull at rate                  Battery not being (dis)charged - received 0xFFFF
Setting AT rate to                  -100 mA
TimeToEmpty at rate                 Battery not being (dis)charged - received 0xFFFF
Can be delivered for 10 seconds at rate: 1 | 0x1

*** DYNAMIC INFO ***
Full charge capacity                0 mAh = 0%
Remaining capacity                  0 mAh
Relative charge                     100%
Absolute charge                     0%
Voltage                             7.405 V
Current                             0 mA
Average current of last minute      0 mA
Temperature                         28.15 C
Minutes remaining until empty       Battery not being (dis)charged - received 0xFFFF
Average minutes remaining until empty: Battery not being (dis)charged - received 0xFFFF
Minutes remaining for full charge   Battery not being (dis)charged - received 0xFFFF
Battery status (BIN)                0b100101011100000
                                    - TERMINATE_CHARGE_ALARM
                                    - TERMINATE_DISCHARGE_ALARM
                                    - REMAINING_CAPACITY_ALARM
                                    80 Initialized
                                    40 Discharging
                                    20 Fully Charged


*** DYNAMIC NON STANDARD INFO ***
Cell 1 Voltage:                     3.729 V
Cell 2 Voltage:                     3.676 V
Cell 3 Voltage:                     0.000 V
Cell 4 Voltage:                     0.000 V

*** CHANGED VALUES ***
Voltage                             7.392 V
Current                             -37 mA
Average current of last minute      -3 mA
Minutes remaining until empty       0 min
Average minutes remaining until empty: 0 min
Battery status (BIN)                0b100101111100000
                                    - TERMINATE_CHARGE_ALARM
                                    - TERMINATE_DISCHARGE_ALARM
                                    - REMAINING_CAPACITY_ALARM
                                    - REMAINING_TIME_ALARM_FLAG
                                    80 Initialized
                                    40 Discharging
                                    20 Fully Charged

Cell 1 Voltage:                     3.719 V
Cell 2 Voltage:                     3.662 V
Voltage                             7.366 V
Average current of last minute      -12 mA
Cell 2 Voltage:                     3.650 V
Voltage                             7.359 V
Average current of last minute      -16 mA
Cell 2 Voltage:                     3.644 V
Average current of last minute      -20 mA
Voltage                             7.372 V
Current                             0 mA
Minutes remaining until empty       Battery not being (dis)charged - received 0xFFFF
Voltage                             7.389 V
Average current of last minute      -16 mA
Cell 1 Voltage:                     3.728 V
Cell 2 Voltage:                     3.661 V
Voltage                             7.396 V
Average current of last minute      -13 mA
Cell 2 Voltage:                     3.669 V
Average current of last minute      -10 mA
Voltage                             7.402 V
Average current of last minute      -8 mA
Average current of last minute      -7 mA
Average current of last minute      -5 mA
Cell 2 Voltage:                     3.675 V
Average current of last minute      -4 mA
Average current of last minute      -3 mA
Average current of last minute      -2 mA
Average current of last minute      -1 mA - received 0xFFFF
Average current of last minute      0 mA
Average minutes remaining until empty: Battery not being (dis)charged - received 0xFFFF
Battery status (BIN)                0b100101011100000
                                    - TERMINATE_CHARGE_ALARM
                                    - TERMINATE_DISCHARGE_ALARM
                                    - REMAINING_CAPACITY_ALARM
                                    80 Initialized
                                    40 Discharging
                                    20 Fully Charged

Voltage                             7.409 V
Cell 2 Voltage:                     3.681 V
Current                             7 mA
Average current of last minute      1 mA
Average current of last minute      2 mA
Voltage                             7.417 V
Average current of last minute      3 mA
Minutes remaining for full charge   957 h 20 min
Current                             12 mA
Average current of last minute      5 mA
Minutes remaining for full charge   574 h 24 min
Cell 1 Voltage:                     3.734 V
Average current of last minute      6 mA
Minutes remaining for full charge   478 h 40 min
Cell 2 Voltage:                     3.687 V
Average current of last minute      7 mA
Minutes remaining for full charge   410 h 17 min
Voltage                             7.423 V - received 0x1CFF
Average current of last minute      8 mA
Minutes remaining for full charge   359 h 0 min
Average current of last minute      9 mA
Minutes remaining for full charge   319 h 7 min
Average current of last minute      10 mA
Minutes remaining for full charge   287 h 12 min
Average current of last minute      11 mA
Minutes remaining for full charge   261 h 5 min
Average current of last minute      12 mA
Minutes remaining for full charge   239 h 20 min
Average current of last minute      13 mA
Minutes remaining for full charge   220 h 51 min
Current                             0 mA
Average current of last minute      11 mA
Minutes remaining for full charge   261 h 0 min
Voltage                             7.413 V
Average current of last minute      8 mA
Minutes remaining for full charge   358 h 53 min
Cell 2 Voltage:                     3.681 V
Average current of last minute      7 mA
Minutes remaining for full charge   410 h 9 min
Average current of last minute      6 mA
Minutes remaining for full charge   478 h 30 min
Average current of last minute      4 mA
Minutes remaining for full charge   717 h 45 min
Voltage                             7.407 V
Average current of last minute      3 mA
Minutes remaining for full charge   957 h 0 min
Average current of last minute      2 mA
Minutes remaining for full charge   Battery not being (dis)charged - received 0xFFFF
Average current of last minute      1 mA
Average current of last minute      0 mA
Voltage                             7.418 V
Average current of last minute      2 mA
Voltage                             7.464 V
Current                             60 mA
Average current of last minute      16 mA
Minutes remaining for full charge   179 h 26 min
Cell 1 Voltage:                     3.752 V
Cell 2 Voltage:                     3.712 V
Voltage                             7.479 V
Current                             64 mA
Average current of last minute      25 mA
Minutes remaining for full charge   114 h 50 min
Cell 2 Voltage:                     3.725 V
Voltage                             7.491 V
Current                             74 mA
Average current of last minute      36 mA
Minutes remaining for full charge   79 h 45 min
Cell 1 Voltage:                     3.758 V
Cell 2 Voltage:                     3.736 V
Voltage                             7.499 V
Average current of last minute      43 mA
Minutes remaining for full charge   66 h 46 min
Average current of last minute      49 mA
Minutes remaining for full charge   58 h 36 min
Cell 2 Voltage:                     3.743 V
Average current of last minute      56 mA
Minutes remaining for full charge   51 h 16 min
Voltage                             7.505 V
Current                             77 mA
Average current of last minute      59 mA
Minutes remaining for full charge   48 h 40 min
Average current of last minute      64 mA
Minutes remaining for full charge   44 h 52 min
Average current of last minute      66 mA
Minutes remaining for full charge   43 h 30 min
Current                             82 mA
Average current of last minute      69 mA
Minutes remaining for full charge   41 h 1 min
Cell 2 Voltage:                     3.749 V
Voltage                             7.513 V
Average current of last minute      72 mA
Minutes remaining for full charge   39 h 53 min
Average current of last minute      74 mA
Minutes remaining for full charge   38 h 48 min
Average current of last minute      76 mA
Minutes remaining for full charge   37 h 47 min
Average current of last minute      77 mA
Minutes remaining for full charge   37 h 16 min
Average current of last minute      78 mA
Minutes remaining for full charge   36 h 48 min
Average current of last minute      79 mA
Minutes remaining for full charge   36 h 20 min
Average current of last minute      80 mA
Minutes remaining for full charge   35 h 53 min
Average current of last minute      81 mA
Minutes remaining for full charge   35 h 26 min
Voltage                             7.474 V
Current                             0 mA
Average current of last minute      71 mA
Minutes remaining for full charge   40 h 25 min
Cell 1 Voltage:                     3.745 V
Cell 2 Voltage:                     3.730 V
Voltage                             7.439 V
Average current of last minute      58 mA
Minutes remaining for full charge   53 h 9 min
Cell 1 Voltage:                     3.733 V
Cell 2 Voltage:                     3.701 V
Voltage                             7.424 V
Average current of last minute      44 mA
Minutes remaining for full charge   65 h 14 min
Cell 2 Voltage:                     3.692 V
