START ../src/SBMInfo.cpp
Version 1.1 from  Jul 25 2018
I2C initalized sucessfully
Found attached I2C device at 0xB

*** STATIC INFO ***
Chemistry: LION
Manufacturer Name: GW
Manufacturer Data: †A;0ÿ  È ¬& - 0x86 41 3B 30 FF 1E 0 11 0 C8 0 AC 26 
Device Name:  DELL 0
Serial Number: 46
Manufacture Date (YYYY-MM-DD): 2012-9-12
Design Capacity: 6600 mAh
Design Voltage: 11.100 V
Charging Current: 4100 mA
Charging Voltage: 12.600 V
Specification Info: 33
Cycle Count: 39
Max Error of charge calculation (%): 8
RemainingTimeAlarm: 10 min
Remaining Capacity Alarm: 660 mAh
Battery Mode (BIN): 0b110000000000000
- Battery OK
- Disable AlarmWarning broadcast to Host and Smart Battery Charger
- Disable broadcasts of ChargingVoltage and ChargingCurrent to Smart Battery Charger
Pack Status (BIN): 0b1000011010010000

*** MANUFACTURER INFO ***
Device Type: 2084 / 0x824
Controller IC identified by device type: bq2084
End of Discharge Voltage Level: 9.900 V

Firmware Version: 1.50
Manufacturer Status (BIN): 0b0
- FET Status 0
- State: 0b0

*** RATE TEST INFO ***
Setting AT rate to 100 mAh
TimeToFull at rate: 265 min
Setting AT rate to -100 mAh
TimeToEmpty at rate: 3061 min
Can be delivered for 10 seconds at rate: 1

*** DYNAMIC INFO ***
Full Charge Capacity: 5545 mAh
Remaining Capacity: 5102 mAh
Relative Charge(%): 92
Absolute Charge(%): 77
Minutes remaining until empty: 2915 min
Average minutes remaining until empty: 2943 min
Minutes remaining for full charge: Battery not beeing (dis)charged
Battery Status (BIN): 0b11000000
- Initialized
- Discharging
Voltage: 12.212 V
Current: -105 mA
Average Current of last minute: -104 mA
Temperature: 25.95 C

*** DYNAMIC NON STANDARD INFO ***
Cell 1 Voltage: 4.074 V
Cell 2 Voltage: 4.070 V
Cell 3 Voltage: 4.068 V
Cell 4 Voltage: 0.000 V
State of Health: 0

*** CHANGED VALUES ***
Remaining Capacity: 5101 mAh
Minutes remaining until empty: 2914 min
Average minutes remaining until empty: 2942 min
Average minutes remaining until empty: 2914 min
Voltage: 12.209 V
Remaining Capacity: 5099 mAh
Minutes remaining until empty: 2913 min
Average minutes remaining until empty: 2913 min
